[35m[1mConsolidate compiler generated dependencies of target client_node[0m
[ 50%] Built target service_node
[ 75%] [32mBuilding CXX object CMakeFiles/client_node.dir/src/client_node.cpp.o[0m
[01m[K/home/alaa/ros2_ws/src/cpp_service_demo/src/client_node.cpp:[m[K In member function â€˜[01m[Kvoid MinimalClient::send_request(int64_t, int64_t)[m[Kâ€™:
[01m[K/home/alaa/ros2_ws/src/cpp_service_demo/src/client_node.cpp:36:47:[m[K [01;31m[Kerror: [m[Kno matching function for call to â€˜[01m[Kspin_until_future_complete(MinimalClient*, rclcpp::Client<example_interfaces::srv::AddTwoInts>::FutureAndRequestId&)[m[Kâ€™
   36 |         if ([01;31m[Krclcpp::spin_until_future_complete(this, result_future)[m[K ==
      |             [01;31m[K~~~~~~~~~~~~~~~~~~~~~~~~~~~~~~~~~~^~~~~~~~~~~~~~~~~~~~~[m[K
In file included from [01m[K/opt/ros/humble/include/rclcpp/rclcpp/rclcpp.hpp:155[m[K,
                 from [01m[K/home/alaa/ros2_ws/src/cpp_service_demo/src/client_node.cpp:1[m[K:
[01m[K/opt/ros/humble/include/rclcpp/rclcpp/executors.hpp:105:1:[m[K [01;36m[Knote: [m[Kcandidate: â€˜[01m[Ktemplate<class FutureT, class TimeRepT, class TimeT> rclcpp::FutureReturnCode rclcpp::spin_until_future_complete(rclcpp::node_interfaces::NodeBaseInterface::SharedPtr, const FutureT&, std::chrono::duration<_Rep, _Period>)[m[Kâ€™
  105 | [01;36m[Kspin_until_future_complete[m[K(
      | [01;36m[K^~~~~~~~~~~~~~~~~~~~~~~~~~[m[K
[01m[K/opt/ros/humble/include/rclcpp/rclcpp/executors.hpp:105:1:[m[K [01;36m[Knote: [m[K  template argument deduction/substitution failed:
[01m[K/home/alaa/ros2_ws/src/cpp_service_demo/src/client_node.cpp:36:48:[m[K [01;36m[Knote: [m[K  cannot convert â€˜[01m[K(MinimalClient*)this[m[Kâ€™ (type â€˜[01m[KMinimalClient*[m[Kâ€™) to type â€˜[01m[Krclcpp::node_interfaces::NodeBaseInterface::SharedPtr[m[Kâ€™ {aka â€˜[01m[Kstd::shared_ptr<rclcpp::node_interfaces::NodeBaseInterface>[m[Kâ€™}
   36 |         if (rclcpp::spin_until_future_complete([01;36m[Kthis[m[K, result_future) ==
      |                                                [01;36m[K^~~~[m[K
In file included from [01m[K/opt/ros/humble/include/rclcpp/rclcpp/rclcpp.hpp:155[m[K,
                 from [01m[K/home/alaa/ros2_ws/src/cpp_service_demo/src/client_node.cpp:1[m[K:
[01m[K/opt/ros/humble/include/rclcpp/rclcpp/executors.hpp:119:1:[m[K [01;36m[Knote: [m[Kcandidate: â€˜[01m[Ktemplate<class NodeT, class FutureT, class TimeRepT, class TimeT> rclcpp::FutureReturnCode rclcpp::spin_until_future_complete(std::shared_ptr<_Tp>, const FutureT&, std::chrono::duration<_Rep2, _Period2>)[m[Kâ€™
  119 | [01;36m[Kspin_until_future_complete[m[K(
      | [01;36m[K^~~~~~~~~~~~~~~~~~~~~~~~~~[m[K
[01m[K/opt/ros/humble/include/rclcpp/rclcpp/executors.hpp:119:1:[m[K [01;36m[Knote: [m[K  template argument deduction/substitution failed:
[01m[K/home/alaa/ros2_ws/src/cpp_service_demo/src/client_node.cpp:36:47:[m[K [01;36m[Knote: [m[K  mismatched types â€˜[01m[Kstd::shared_ptr<_Tp>[m[Kâ€™ and â€˜[01m[KMinimalClient*[m[Kâ€™
   36 |         if ([01;36m[Krclcpp::spin_until_future_complete(this, result_future)[m[K ==
      |             [01;36m[K~~~~~~~~~~~~~~~~~~~~~~~~~~~~~~~~~~^~~~~~~~~~~~~~~~~~~~~[m[K
gmake[2]: *** [CMakeFiles/client_node.dir/build.make:76: CMakeFiles/client_node.dir/src/client_node.cpp.o] Error 1
gmake[1]: *** [CMakeFiles/Makefile2:165: CMakeFiles/client_node.dir/all] Error 2
gmake: *** [Makefile:146: all] Error 2
